<?xml version="1.0" encoding="UTF-8"?>
<testsuite xmlns:xsi="http://www.w3.org/2001/XMLSchema-instance" xsi:noNamespaceSchemaLocation="https://maven.apache.org/surefire/maven-surefire-plugin/xsd/surefire-test-report.xsd" name="com.athul.AllTests" time="22.223" tests="21" errors="0" skipped="0" failures="0">
  <properties>
[...]
</properties>
  <testcase name="testJoin" classname="com.athul.common.server.ServerConfigurationTest" time="5.988"/>
  <testcase name="hazelcastInstance" classname="com.athul.common.server.ServerConfigurationTest" time="0.31"/>
  <testcase name="hazelcastConfig" classname="com.athul.common.server.ServerConfigurationTest" time="0.004"/>
  <testcase name="testNetworkConfig" classname="com.athul.common.server.ServerConfigurationTest" time="0.008"/>
  <testcase name="testInterfaces" classname="com.athul.common.server.ServerConfigurationTest" time="0.003"/>
  <testcase name="testGroupConfig" classname="com.athul.common.server.ServerConfigurationTest" time="0.004"/>
  <testcase name="testMapConfig" classname="com.athul.common.server.ServerConfigurationTest" time="0.007"/>
  <testcase name="testQueueConfig" classname="com.athul.common.server.ServerConfigurationTest" time="0.003"/>
  <testcase name="testNetworkConfig" classname="com.athul.common.client.ClientConfigurationTest" time="1.906"/>
  <testcase name="testHazelCastInstance" classname="com.athul.common.client.ClientConfigurationTest" time="0.723"/>
  <testcase name="testClientConfig" classname="com.athul.common.client.ClientConfigurationTest" time="0.002"/>
  <testcase name="testDiscoveryConfig" classname="com.athul.common.client.ClientConfigurationTest" time="0.021"/>
  <testcase name="healthWithNoInstance" classname="com.athul.common.server.HazelcastHealthTest" time="3.745"/>
  <testcase name="healthWithNoInstanceRunning" classname="com.athul.common.server.HazelcastHealthTest" time="0.036"/>
  <testcase name="healthHappyPath" classname="com.athul.common.server.HazelcastHealthTest" time="0.23"/>
  <testcase name="testClusterDetails" classname="com.athul.common.server.HazelcastHealthTest" time="0.074"/>
  <testcase name="testCacheStats" classname="com.athul.common.server.HazelcastHealthTest" time="0.022"/>
  <testcase name="putData" classname="com.athul.common.client.QueueControllerTest" time="4.616"/>
  <testcase name="getData" classname="com.athul.common.client.QueueControllerTest" time="0.059"/>
  <testcase name="putData" classname="com.athul.common.client.CacheControllerTest" time="0.038"/>
  <testcase name="getData" classname="com.athul.common.client.CacheControllerTest" time="0.053"/>
</testsuite>